build/app/intermediates/manifest_merge_blame_file/release/manifest-merger-blame-release-report.txt
1<?xml version="1.0" encoding="utf-8"?>
2<manifest xmlns:android="http://schemas.android.com/apk/res/android"
3    package="net.couponsgate"
4    android:versionCode="1"
5    android:versionName="1.0.0" >
6
7    <uses-sdk
8        android:minSdkVersion="16"
8-->src/main/AndroidManifest.xml
9        android:targetSdkVersion="29" />
9-->src/main/AndroidManifest.xml
10    <!--
11         io.flutter.app.FlutterApplication is an android.app.Application that
12         calls FlutterMain.startInitialization(this); in its onCreate method.
13         In most cases you can leave this as-is, but you if you want to provide
14         additional functionality it is fine to subclass or reimplement
15         FlutterApplication and put your custom class here.
16    -->
17
18    <uses-permission android:name="android.permission.INTERNET" />
18-->src/main/AndroidManifest.xml:9:5-66
18-->src/main/AndroidManifest.xml:9:22-64
19    <uses-permission android:name="android.permission.RECEIVE_BOOT_COMPLETED" />
19-->src/main/AndroidManifest.xml:10:5-80
19-->src/main/AndroidManifest.xml:10:22-78
20    <uses-permission android:name="android.permission.VIBRATE" />
20-->src/main/AndroidManifest.xml:11:5-66
20-->src/main/AndroidManifest.xml:11:22-63
21    <uses-permission android:name="android.permission.ACCESS_NETWORK_STATE" />
21-->[com.google.android.gms:play-services-measurement:18.0.0] AndroidManifest.xml:24:5-79
21-->[com.google.android.gms:play-services-measurement:18.0.0] AndroidManifest.xml:24:22-76
22    <uses-permission android:name="android.permission.WAKE_LOCK" />
22-->[com.google.android.gms:play-services-measurement:18.0.0] AndroidManifest.xml:25:5-68
22-->[com.google.android.gms:play-services-measurement:18.0.0] AndroidManifest.xml:25:22-65
23    <uses-permission android:name="com.google.android.finsky.permission.BIND_GET_INSTALL_REFERRER_SERVICE" /> <!-- Required by older versions of Google Play services to create IID tokens -->
23-->[com.google.android.gms:play-services-measurement:18.0.0] AndroidManifest.xml:26:5-110
23-->[com.google.android.gms:play-services-measurement:18.0.0] AndroidManifest.xml:26:22-107
24    <uses-permission android:name="com.google.android.c2dm.permission.RECEIVE" />
24-->[com.google.firebase:firebase-iid:21.0.1] AndroidManifest.xml:26:5-82
24-->[com.google.firebase:firebase-iid:21.0.1] AndroidManifest.xml:26:22-79
25    <uses-permission android:name="android.permission.USE_FULL_SCREEN_INTENT" />
25-->[:flutter_local_notifications] AndroidManifest.xml:9:5-81
25-->[:flutter_local_notifications] AndroidManifest.xml:9:22-78
26
27    <application
27-->src/main/AndroidManifest.xml:14:5-87:19
28        android:name="io.flutter.app.FlutterApplication"
28-->src/main/AndroidManifest.xml:15:9-57
29        android:appComponentFactory="androidx.core.app.CoreComponentFactory"
29-->[androidx.core:core:1.3.0] AndroidManifest.xml:24:18-86
30        android:icon="@mipmap/launcher_icon"
30-->src/main/AndroidManifest.xml:17:9-45
31        android:label="couponsgate"
31-->src/main/AndroidManifest.xml:16:9-36
32        android:supportsRtl="true" >
32-->[com.facebook.android:facebook-login:5.5.1] AndroidManifest.xml:28:18-44
33        <activity
33-->src/main/AndroidManifest.xml:18:9-51:20
34            android:name="net.couponsgate.MainActivity"
34-->src/main/AndroidManifest.xml:19:13-41
35            android:configChanges="orientation|keyboardHidden|keyboard|screenSize|smallestScreenSize|locale|layoutDirection|fontScale|screenLayout|density|uiMode"
35-->src/main/AndroidManifest.xml:22:13-163
36            android:hardwareAccelerated="true"
36-->src/main/AndroidManifest.xml:23:13-47
37            android:launchMode="singleTop"
37-->src/main/AndroidManifest.xml:20:13-43
38            android:theme="@style/LaunchTheme"
38-->src/main/AndroidManifest.xml:21:13-47
39            android:windowSoftInputMode="adjustResize" >
39-->src/main/AndroidManifest.xml:24:13-55
40
41            <!--
42                 Specifies an Android theme to apply to this Activity as soon as
43                 the Android process has started. This theme is visible to the user
44                 while the Flutter UI initializes. After that, this theme continues
45                 to determine the Window background behind the Flutter UI.
46            -->
47            <meta-data
47-->src/main/AndroidManifest.xml:29:13-32:19
48                android:name="io.flutter.embedding.android.NormalTheme"
48-->src/main/AndroidManifest.xml:30:17-72
49                android:resource="@style/NormalTheme" />
49-->src/main/AndroidManifest.xml:31:17-54
50            <!--
51                 Displays an Android View that continues showing the launch screen
52                 Drawable until Flutter paints its first frame, then this splash
53                 screen fades out. A splash screen is useful to avoid any visual
54                 gap between the end of Android's launch screen and the painting of
55                 Flutter's first frame.
56            -->
57            <meta-data
57-->src/main/AndroidManifest.xml:38:13-41:19
58                android:name="io.flutter.embedding.android.SplashScreenDrawable"
58-->src/main/AndroidManifest.xml:39:17-81
59                android:resource="@drawable/launch_background" />
59-->src/main/AndroidManifest.xml:40:17-63
60
61            <intent-filter>
61-->src/main/AndroidManifest.xml:43:13-46:29
62                <action android:name="android.intent.action.MAIN" />
62-->src/main/AndroidManifest.xml:44:17-68
62-->src/main/AndroidManifest.xml:44:25-66
63
64                <category android:name="android.intent.category.LAUNCHER" />
64-->src/main/AndroidManifest.xml:45:17-76
64-->src/main/AndroidManifest.xml:45:27-74
65            </intent-filter>
66            <intent-filter>
66-->src/main/AndroidManifest.xml:47:13-50:29
67                <action android:name="FLUTTER_NOTIFICATION_CLICK" />
67-->src/main/AndroidManifest.xml:48:17-69
67-->src/main/AndroidManifest.xml:48:25-66
68
69                <category android:name="android.intent.category.DEFAULT" />
69-->src/main/AndroidManifest.xml:49:17-76
69-->src/main/AndroidManifest.xml:49:27-73
70            </intent-filter>
71        </activity>
72        <!--
73             Don't delete the meta-data below.
74             This is used by the Flutter tool to generate GeneratedPluginRegistrant.java
75        -->
76        <meta-data
76-->src/main/AndroidManifest.xml:54:9-56:33
77            android:name="flutterEmbedding"
77-->src/main/AndroidManifest.xml:55:13-44
78            android:value="2" />
78-->src/main/AndroidManifest.xml:56:13-30
79        <meta-data
79-->src/main/AndroidManifest.xml:58:9-60:71
80            android:name="com.google.firebase.messaging.default_notification_channel_id"
80-->src/main/AndroidManifest.xml:59:13-89
81            android:value="@string/default_notification_channel_id" />
81-->src/main/AndroidManifest.xml:60:13-68
82        <meta-data
82-->src/main/AndroidManifest.xml:62:9-63:54
83            android:name="com.facebook.sdk.ApplicationId"
83-->src/main/AndroidManifest.xml:62:20-65
84            android:value="@string/facebook_app_id" />
84-->src/main/AndroidManifest.xml:63:13-52
85
86        <activity
86-->src/main/AndroidManifest.xml:65:9-68:48
87            android:name="com.facebook.FacebookActivity"
87-->src/main/AndroidManifest.xml:65:19-63
88            android:configChanges="keyboard|keyboardHidden|screenLayout|screenSize|orientation"
88-->src/main/AndroidManifest.xml:66:13-113
89            android:label="@string/app_name"
89-->src/main/AndroidManifest.xml:68:13-45
90            android:theme="@style/com_facebook_activity_theme" />
90-->[com.facebook.android:facebook-common:5.5.1] AndroidManifest.xml:32:13-63
91        <activity
91-->src/main/AndroidManifest.xml:69:9-78:20
92            android:name="com.facebook.CustomTabActivity"
92-->src/main/AndroidManifest.xml:70:13-58
93            android:exported="true" >
93-->src/main/AndroidManifest.xml:71:13-36
94            <intent-filter>
94-->src/main/AndroidManifest.xml:72:13-77:29
95                <action android:name="android.intent.action.VIEW" />
95-->src/main/AndroidManifest.xml:73:17-69
95-->src/main/AndroidManifest.xml:73:25-66
96
97                <category android:name="android.intent.category.DEFAULT" />
97-->src/main/AndroidManifest.xml:49:17-76
97-->src/main/AndroidManifest.xml:49:27-73
98                <category android:name="android.intent.category.BROWSABLE" />
98-->src/main/AndroidManifest.xml:75:17-78
98-->src/main/AndroidManifest.xml:75:27-75
99
100                <data android:scheme="@string/fb_login_protocol_scheme" />
100-->src/main/AndroidManifest.xml:76:17-75
100-->src/main/AndroidManifest.xml:76:23-72
101            </intent-filter>
102        </activity>
103
104        <receiver android:name="com.dexterous.flutterlocalnotifications.ScheduledNotificationBootReceiver" >
104-->src/main/AndroidManifest.xml:80:9-84:20
104-->src/main/AndroidManifest.xml:80:19-107
105            <intent-filter>
105-->src/main/AndroidManifest.xml:81:13-83:29
106                <action android:name="android.intent.action.BOOT_COMPLETED" />
106-->src/main/AndroidManifest.xml:82:17-86
106-->src/main/AndroidManifest.xml:82:25-76
107            </intent-filter>
108            <intent-filter>
108-->[:flutter_local_notifications] AndroidManifest.xml:14:13-19:29
109                <action android:name="android.intent.action.BOOT_COMPLETED" />
109-->src/main/AndroidManifest.xml:82:17-86
109-->src/main/AndroidManifest.xml:82:25-76
110                <action android:name="android.intent.action.MY_PACKAGE_REPLACED" />
110-->[:flutter_local_notifications] AndroidManifest.xml:16:17-84
110-->[:flutter_local_notifications] AndroidManifest.xml:16:25-81
111                <action android:name="android.intent.action.QUICKBOOT_POWERON" />
111-->[:flutter_local_notifications] AndroidManifest.xml:17:17-82
111-->[:flutter_local_notifications] AndroidManifest.xml:17:25-79
112                <action android:name="com.htc.intent.action.QUICKBOOT_POWERON" />
112-->[:flutter_local_notifications] AndroidManifest.xml:18:17-82
112-->[:flutter_local_notifications] AndroidManifest.xml:18:25-79
113            </intent-filter>
114        </receiver>
115        <receiver android:name="com.dexterous.flutterlocalnotifications.ScheduledNotificationReceiver" />
115-->src/main/AndroidManifest.xml:85:9-106
115-->src/main/AndroidManifest.xml:85:19-103
116
117        <service android:name="io.flutter.plugins.firebasemessaging.FlutterFirebaseMessagingService" >
117-->[:firebase_messaging] AndroidManifest.xml:8:9-12:19
117-->[:firebase_messaging] AndroidManifest.xml:8:18-101
118            <intent-filter>
118-->[:firebase_messaging] AndroidManifest.xml:9:13-11:29
119                <action android:name="com.google.firebase.MESSAGING_EVENT" />
119-->[:firebase_messaging] AndroidManifest.xml:10:17-78
119-->[:firebase_messaging] AndroidManifest.xml:10:25-75
120            </intent-filter>
121        </service>
122        <service
122-->[:firebase_messaging] AndroidManifest.xml:13:9-17:19
123            android:name="com.google.firebase.components.ComponentDiscoveryService"
123-->[:firebase_messaging] AndroidManifest.xml:13:18-89
124            android:directBootAware="true"
124-->[com.google.firebase:firebase-common:19.5.0] AndroidManifest.xml:35:13-43
125            android:exported="false" >
125-->[com.google.firebase:firebase-messaging:21.0.1] AndroidManifest.xml:38:13-37
126            <meta-data
126-->[:firebase_messaging] AndroidManifest.xml:14:13-16:85
127                android:name="com.google.firebase.components:io.flutter.plugins.firebasemessaging.FlutterFirebaseAppRegistrar"
127-->[:firebase_messaging] AndroidManifest.xml:15:17-127
128                android:value="com.google.firebase.components.ComponentRegistrar" />
128-->[:firebase_messaging] AndroidManifest.xml:16:17-82
129            <meta-data
129-->[:firebase_auth] AndroidManifest.xml:9:13-11:85
130                android:name="com.google.firebase.components:io.flutter.plugins.firebase.auth.FlutterFirebaseAuthRegistrar"
130-->[:firebase_auth] AndroidManifest.xml:10:17-124
131                android:value="com.google.firebase.components.ComponentRegistrar" />
131-->[:firebase_auth] AndroidManifest.xml:11:17-82
132            <meta-data
132-->[:firebase_core] AndroidManifest.xml:9:13-11:85
133                android:name="com.google.firebase.components:io.flutter.plugins.firebase.core.FlutterFirebaseCoreRegistrar"
133-->[:firebase_core] AndroidManifest.xml:10:17-124
134                android:value="com.google.firebase.components.ComponentRegistrar" />
134-->[:firebase_core] AndroidManifest.xml:11:17-82
135            <meta-data
135-->[com.google.firebase:firebase-messaging:21.0.1] AndroidManifest.xml:39:13-41:85
136                android:name="com.google.firebase.components:com.google.firebase.messaging.FirebaseMessagingRegistrar"
136-->[com.google.firebase:firebase-messaging:21.0.1] AndroidManifest.xml:40:17-119
137                android:value="com.google.firebase.components.ComponentRegistrar" />
137-->[com.google.firebase:firebase-messaging:21.0.1] AndroidManifest.xml:41:17-82
138            <meta-data
138-->[com.google.android.gms:play-services-measurement-api:18.0.0] AndroidManifest.xml:30:13-32:85
139                android:name="com.google.firebase.components:com.google.firebase.analytics.connector.internal.AnalyticsConnectorRegistrar"
139-->[com.google.android.gms:play-services-measurement-api:18.0.0] AndroidManifest.xml:31:17-139
140                android:value="com.google.firebase.components.ComponentRegistrar" />
140-->[com.google.android.gms:play-services-measurement-api:18.0.0] AndroidManifest.xml:32:17-82
141            <meta-data
141-->[com.google.firebase:firebase-iid:21.0.1] AndroidManifest.xml:32:13-34:85
142                android:name="com.google.firebase.components:com.google.firebase.iid.Registrar"
142-->[com.google.firebase:firebase-iid:21.0.1] AndroidManifest.xml:33:17-96
143                android:value="com.google.firebase.components.ComponentRegistrar" />
143-->[com.google.firebase:firebase-iid:21.0.1] AndroidManifest.xml:34:17-82
144            <meta-data
144-->[com.google.firebase:firebase-installations:16.3.5] AndroidManifest.xml:18:13-20:85
145                android:name="com.google.firebase.components:com.google.firebase.installations.FirebaseInstallationsRegistrar"
145-->[com.google.firebase:firebase-installations:16.3.5] AndroidManifest.xml:19:17-127
146                android:value="com.google.firebase.components.ComponentRegistrar" />
146-->[com.google.firebase:firebase-installations:16.3.5] AndroidManifest.xml:20:17-82
147            <meta-data
147-->[com.google.firebase:firebase-auth:20.0.1] AndroidManifest.xml:77:13-79:85
148                android:name="com.google.firebase.components:com.google.firebase.auth.FirebaseAuthRegistrar"
148-->[com.google.firebase:firebase-auth:20.0.1] AndroidManifest.xml:78:17-109
149                android:value="com.google.firebase.components.ComponentRegistrar" />
149-->[com.google.firebase:firebase-auth:20.0.1] AndroidManifest.xml:79:17-82
150            <meta-data
150-->[com.google.firebase:firebase-datatransport:17.0.10] AndroidManifest.xml:28:13-30:85
151                android:name="com.google.firebase.components:com.google.firebase.datatransport.TransportRegistrar"
151-->[com.google.firebase:firebase-datatransport:17.0.10] AndroidManifest.xml:29:17-115
152                android:value="com.google.firebase.components.ComponentRegistrar" />
152-->[com.google.firebase:firebase-datatransport:17.0.10] AndroidManifest.xml:30:17-82
153            <!--
154                This registrar is not defined in the dynamic-module-support sdk itself to allow non-firebase
155                clients to use it as well, by defining this registrar in their own core/common library.
156            -->
157            <meta-data
157-->[com.google.firebase:firebase-common:19.5.0] AndroidManifest.xml:43:13-45:85
158                android:name="com.google.firebase.components:com.google.firebase.dynamicloading.DynamicLoadingRegistrar"
158-->[com.google.firebase:firebase-common:19.5.0] AndroidManifest.xml:44:17-121
159                android:value="com.google.firebase.components.ComponentRegistrar" />
159-->[com.google.firebase:firebase-common:19.5.0] AndroidManifest.xml:45:17-82
160        </service>
161        <!--
162             FirebaseMessagingService performs security checks at runtime,
163             but set to not exported to explicitly avoid allowing another app to call it.
164        -->
165        <service
165-->[com.google.firebase:firebase-messaging:21.0.1] AndroidManifest.xml:28:9-35:19
166            android:name="com.google.firebase.messaging.FirebaseMessagingService"
166-->[com.google.firebase:firebase-messaging:21.0.1] AndroidManifest.xml:29:13-82
167            android:directBootAware="true"
167-->[com.google.firebase:firebase-messaging:21.0.1] AndroidManifest.xml:30:13-43
168            android:exported="false" >
168-->[com.google.firebase:firebase-messaging:21.0.1] AndroidManifest.xml:31:13-37
169            <intent-filter android:priority="-500" >
169-->[:firebase_messaging] AndroidManifest.xml:9:13-11:29
170                <action android:name="com.google.firebase.MESSAGING_EVENT" />
170-->[:firebase_messaging] AndroidManifest.xml:10:17-78
170-->[:firebase_messaging] AndroidManifest.xml:10:25-75
171            </intent-filter>
172        </service>
173
174        <activity
174-->[com.google.android.gms:play-services-auth:16.0.1] AndroidManifest.xml:23:9-27:75
175            android:name="com.google.android.gms.auth.api.signin.internal.SignInHubActivity"
175-->[com.google.android.gms:play-services-auth:16.0.1] AndroidManifest.xml:24:13-93
176            android:excludeFromRecents="true"
176-->[com.google.android.gms:play-services-auth:16.0.1] AndroidManifest.xml:25:13-46
177            android:exported="false"
177-->[com.google.android.gms:play-services-auth:16.0.1] AndroidManifest.xml:26:13-37
178            android:theme="@android:style/Theme.Translucent.NoTitleBar" />
178-->[com.google.android.gms:play-services-auth:16.0.1] AndroidManifest.xml:27:13-72
179        <!--
180            Service handling Google Sign-In user revocation. For apps that do not integrate with
181            Google Sign-In, this service will never be started.
182        -->
183        <service
183-->[com.google.android.gms:play-services-auth:16.0.1] AndroidManifest.xml:33:9-36:110
184            android:name="com.google.android.gms.auth.api.signin.RevocationBoundService"
184-->[com.google.android.gms:play-services-auth:16.0.1] AndroidManifest.xml:34:13-89
185            android:exported="true"
185-->[com.google.android.gms:play-services-auth:16.0.1] AndroidManifest.xml:35:13-36
186            android:permission="com.google.android.gms.auth.api.signin.permission.REVOCATION_NOTIFICATION" />
186-->[com.google.android.gms:play-services-auth:16.0.1] AndroidManifest.xml:36:13-107
187
188        <receiver
188-->[com.google.android.gms:play-services-measurement:18.0.0] AndroidManifest.xml:29:9-33:20
189            android:name="com.google.android.gms.measurement.AppMeasurementReceiver"
189-->[com.google.android.gms:play-services-measurement:18.0.0] AndroidManifest.xml:30:13-85
190            android:enabled="true"
190-->[com.google.android.gms:play-services-measurement:18.0.0] AndroidManifest.xml:31:13-35
191            android:exported="false" >
191-->[com.google.android.gms:play-services-measurement:18.0.0] AndroidManifest.xml:32:13-37
192        </receiver>
193
194        <service
194-->[com.google.android.gms:play-services-measurement:18.0.0] AndroidManifest.xml:35:9-38:40
195            android:name="com.google.android.gms.measurement.AppMeasurementService"
195-->[com.google.android.gms:play-services-measurement:18.0.0] AndroidManifest.xml:36:13-84
196            android:enabled="true"
196-->[com.google.android.gms:play-services-measurement:18.0.0] AndroidManifest.xml:37:13-35
197            android:exported="false" />
197-->[com.google.android.gms:play-services-measurement:18.0.0] AndroidManifest.xml:38:13-37
198        <service
198-->[com.google.android.gms:play-services-measurement:18.0.0] AndroidManifest.xml:39:9-43:72
199            android:name="com.google.android.gms.measurement.AppMeasurementJobService"
199-->[com.google.android.gms:play-services-measurement:18.0.0] AndroidManifest.xml:40:13-87
200            android:enabled="true"
200-->[com.google.android.gms:play-services-measurement:18.0.0] AndroidManifest.xml:41:13-35
201            android:exported="false"
201-->[com.google.android.gms:play-services-measurement:18.0.0] AndroidManifest.xml:42:13-37
202            android:permission="android.permission.BIND_JOB_SERVICE" />
202-->[com.google.android.gms:play-services-measurement:18.0.0] AndroidManifest.xml:43:13-69
203
204        <receiver
204-->[com.google.firebase:firebase-iid:21.0.1] AndroidManifest.xml:37:9-44:20
205            android:name="com.google.firebase.iid.FirebaseInstanceIdReceiver"
205-->[com.google.firebase:firebase-iid:21.0.1] AndroidManifest.xml:38:13-78
206            android:exported="true"
206-->[com.google.firebase:firebase-iid:21.0.1] AndroidManifest.xml:39:13-36
207            android:permission="com.google.android.c2dm.permission.SEND" >
207-->[com.google.firebase:firebase-iid:21.0.1] AndroidManifest.xml:40:13-73
208            <intent-filter>
208-->[com.google.firebase:firebase-iid:21.0.1] AndroidManifest.xml:41:13-43:29
209                <action android:name="com.google.android.c2dm.intent.RECEIVE" />
209-->[com.google.firebase:firebase-iid:21.0.1] AndroidManifest.xml:42:17-81
209-->[com.google.firebase:firebase-iid:21.0.1] AndroidManifest.xml:42:25-78
210            </intent-filter>
211        </receiver>
212
213        <activity
213-->[com.google.firebase:firebase-auth:20.0.1] AndroidManifest.xml:27:9-44:20
214            android:name="com.google.firebase.auth.internal.GenericIdpActivity"
214-->[com.google.firebase:firebase-auth:20.0.1] AndroidManifest.xml:28:13-80
215            android:excludeFromRecents="true"
215-->[com.google.firebase:firebase-auth:20.0.1] AndroidManifest.xml:29:13-46
216            android:exported="true"
216-->[com.google.firebase:firebase-auth:20.0.1] AndroidManifest.xml:30:13-36
217            android:launchMode="singleTask"
217-->[com.google.firebase:firebase-auth:20.0.1] AndroidManifest.xml:31:13-44
218            android:theme="@android:style/Theme.Translucent.NoTitleBar" >
218-->[com.google.firebase:firebase-auth:20.0.1] AndroidManifest.xml:32:13-72
219            <intent-filter>
219-->[com.google.firebase:firebase-auth:20.0.1] AndroidManifest.xml:33:13-43:29
220                <action android:name="android.intent.action.VIEW" />
220-->src/main/AndroidManifest.xml:73:17-69
220-->src/main/AndroidManifest.xml:73:25-66
221
222                <category android:name="android.intent.category.DEFAULT" />
222-->src/main/AndroidManifest.xml:49:17-76
222-->src/main/AndroidManifest.xml:49:27-73
223                <category android:name="android.intent.category.BROWSABLE" />
223-->src/main/AndroidManifest.xml:75:17-78
223-->src/main/AndroidManifest.xml:75:27-75
224
225                <data
225-->src/main/AndroidManifest.xml:76:17-75
226                    android:host="firebase.auth"
227                    android:path="/"
228                    android:scheme="genericidp" />
228-->src/main/AndroidManifest.xml:76:23-72
229            </intent-filter>
230        </activity>
231        <activity
231-->[com.google.firebase:firebase-auth:20.0.1] AndroidManifest.xml:45:9-62:20
232            android:name="com.google.firebase.auth.internal.RecaptchaActivity"
232-->[com.google.firebase:firebase-auth:20.0.1] AndroidManifest.xml:46:13-79
233            android:excludeFromRecents="true"
233-->[com.google.firebase:firebase-auth:20.0.1] AndroidManifest.xml:47:13-46
234            android:exported="true"
234-->[com.google.firebase:firebase-auth:20.0.1] AndroidManifest.xml:48:13-36
235            android:launchMode="singleTask"
235-->[com.google.firebase:firebase-auth:20.0.1] AndroidManifest.xml:49:13-44
236            android:theme="@android:style/Theme.Translucent.NoTitleBar" >
236-->[com.google.firebase:firebase-auth:20.0.1] AndroidManifest.xml:50:13-72
237            <intent-filter>
237-->[com.google.firebase:firebase-auth:20.0.1] AndroidManifest.xml:51:13-61:29
238                <action android:name="android.intent.action.VIEW" />
238-->src/main/AndroidManifest.xml:73:17-69
238-->src/main/AndroidManifest.xml:73:25-66
239
240                <category android:name="android.intent.category.DEFAULT" />
240-->src/main/AndroidManifest.xml:49:17-76
240-->src/main/AndroidManifest.xml:49:27-73
241                <category android:name="android.intent.category.BROWSABLE" />
241-->src/main/AndroidManifest.xml:75:17-78
241-->src/main/AndroidManifest.xml:75:27-75
242
243                <data
243-->src/main/AndroidManifest.xml:76:17-75
244                    android:host="firebase.auth"
245                    android:path="/"
246                    android:scheme="recaptcha" />
246-->src/main/AndroidManifest.xml:76:23-72
247            </intent-filter>
248        </activity>
249
250        <service
250-->[com.google.firebase:firebase-auth:20.0.1] AndroidManifest.xml:64:9-73:19
251            android:name="com.google.firebase.auth.api.fallback.service.FirebaseAuthFallbackService"
251-->[com.google.firebase:firebase-auth:20.0.1] AndroidManifest.xml:65:13-101
252            android:enabled="true"
252-->[com.google.firebase:firebase-auth:20.0.1] AndroidManifest.xml:66:13-35
253            android:exported="false" >
253-->[com.google.firebase:firebase-auth:20.0.1] AndroidManifest.xml:67:13-37
254            <intent-filter>
254-->[com.google.firebase:firebase-auth:20.0.1] AndroidManifest.xml:68:13-72:29
255                <action android:name="com.google.firebase.auth.api.gms.service.START" />
255-->[com.google.firebase:firebase-auth:20.0.1] AndroidManifest.xml:69:17-89
255-->[com.google.firebase:firebase-auth:20.0.1] AndroidManifest.xml:69:25-86
256
257                <category android:name="android.intent.category.DEFAULT" />
257-->src/main/AndroidManifest.xml:49:17-76
257-->src/main/AndroidManifest.xml:49:27-73
258            </intent-filter>
259        </service>
260
261        <provider
261-->[com.google.firebase:firebase-common:19.5.0] AndroidManifest.xml:26:9-31:39
262            android:name="com.google.firebase.provider.FirebaseInitProvider"
262-->[com.google.firebase:firebase-common:19.5.0] AndroidManifest.xml:27:13-77
263            android:authorities="net.couponsgate.firebaseinitprovider"
263-->[com.google.firebase:firebase-common:19.5.0] AndroidManifest.xml:28:13-72
264            android:directBootAware="true"
264-->[com.google.firebase:firebase-common:19.5.0] AndroidManifest.xml:29:13-43
265            android:exported="false"
265-->[com.google.firebase:firebase-common:19.5.0] AndroidManifest.xml:30:13-37
266            android:initOrder="100" />
266-->[com.google.firebase:firebase-common:19.5.0] AndroidManifest.xml:31:13-36
267
268        <activity
268-->[com.google.android.gms:play-services-base:17.1.0] AndroidManifest.xml:23:9-26:75
269            android:name="com.google.android.gms.common.api.GoogleApiActivity"
269-->[com.google.android.gms:play-services-base:17.1.0] AndroidManifest.xml:24:13-79
270            android:exported="false"
270-->[com.google.android.gms:play-services-base:17.1.0] AndroidManifest.xml:25:13-37
271            android:theme="@android:style/Theme.Translucent.NoTitleBar" />
271-->[com.google.android.gms:play-services-base:17.1.0] AndroidManifest.xml:26:13-72
272
273        <meta-data
273-->[com.google.android.gms:play-services-basement:17.4.0] AndroidManifest.xml:23:9-25:69
274            android:name="com.google.android.gms.version"
274-->[com.google.android.gms:play-services-basement:17.4.0] AndroidManifest.xml:24:13-58
275            android:value="@integer/google_play_services_version" />
275-->[com.google.android.gms:play-services-basement:17.4.0] AndroidManifest.xml:25:13-66
276
277        <activity
277-->[:url_launcher] AndroidManifest.xml:8:9-11:74
278            android:name="io.flutter.plugins.urllauncher.WebViewActivity"
278-->[:url_launcher] AndroidManifest.xml:9:13-74
279            android:exported="false"
279-->[:url_launcher] AndroidManifest.xml:10:13-37
280            android:theme="@android:style/Theme.NoTitleBar.Fullscreen" />
280-->[:url_launcher] AndroidManifest.xml:11:13-71
281
282        <service
282-->[com.google.android.datatransport:transport-backend-cct:2.3.3] AndroidManifest.xml:29:9-35:19
283            android:name="com.google.android.datatransport.runtime.backends.TransportBackendDiscovery"
283-->[com.google.android.datatransport:transport-backend-cct:2.3.3] AndroidManifest.xml:30:13-103
284            android:exported="false" >
284-->[com.google.android.datatransport:transport-backend-cct:2.3.3] AndroidManifest.xml:31:13-37
285            <meta-data
285-->[com.google.android.datatransport:transport-backend-cct:2.3.3] AndroidManifest.xml:32:13-34:39
286                android:name="backend:com.google.android.datatransport.cct.CctBackendFactory"
286-->[com.google.android.datatransport:transport-backend-cct:2.3.3] AndroidManifest.xml:33:17-94
287                android:value="cct" />
287-->[com.google.android.datatransport:transport-backend-cct:2.3.3] AndroidManifest.xml:34:17-36
288        </service>
289
290        <activity android:name="com.facebook.CustomTabMainActivity" />
290-->[com.facebook.android:facebook-common:5.5.1] AndroidManifest.xml:33:9-71
290-->[com.facebook.android:facebook-common:5.5.1] AndroidManifest.xml:33:19-68
291        <!--
292         The initialization ContentProvider will call FacebookSdk.sdkInitialize automatically